Sun Jan 14 2018 16:04:31 GMT+0530 (IST): GET /about
Sun Jan 14 2018 16:05:31 GMT+0530 (IST): GET /about
Sun Jan 14 2018 16:06:15 GMT+0530 (IST): GET /about
Sun Jan 14 2018 16:06:24 GMT+0530 (IST): GET /
Sun Jan 14 2018 16:08:02 GMT+0530 (IST): GET /
Sun Jan 14 2018 16:27:11 GMT+0530 (IST): "GET" /
Sun Jan 14 2018 16:27:50 GMT+0530 (IST): "GET" /
Sun Jan 14 2018 16:28:11 GMT+0530 (IST): "GET" /
Sun Jan 14 2018 16:28:50 GMT+0530 (IST): "GET" /
Sun Jan 14 2018 16:28:54 GMT+0530 (IST): "GET" /
Sun Jan 14 2018 16:29:54 GMT+0530 (IST): "GET" /
Sun Jan 14 2018 16:29:55 GMT+0530 (IST): "GET" /
Sun Jan 14 2018 16:29:56 GMT+0530 (IST): "GET" /about
Sun Jan 14 2018 16:30:01 GMT+0530 (IST): "GET" /about
Sun Jan 14 2018 16:32:27 GMT+0530 (IST): "GET" /
Sun Jan 14 2018 16:33:27 GMT+0530 (IST): "GET" /
Sun Jan 14 2018 16:34:14 GMT+0530 (IST): "GET" /favicon.ico
Sun Jan 14 2018 16:34:20 GMT+0530 (IST): "GET" /
Sun Jan 14 2018 16:34:23 GMT+0530 (IST): "GET" /about
Sun Jan 14 2018 16:34:25 GMT+0530 (IST): "GET" /
Sun Jan 14 2018 16:46:28 GMT+0530 (IST): "GET" /
Sun Jan 14 2018 16:46:30 GMT+0530 (IST): "GET" /
Sun Jan 14 2018 16:46:42 GMT+0530 (IST): "GET" /
Sun Jan 14 2018 16:46:43 GMT+0530 (IST): "GET" /
Sun Jan 14 2018 16:48:52 GMT+0530 (IST): "GET" /
Sun Jan 14 2018 16:50:25 GMT+0530 (IST): "GET" /help.html
Sun Jan 14 2018 16:50:32 GMT+0530 (IST): "GET" /
Sun Jan 14 2018 16:50:50 GMT+0530 (IST): "GET" /
Sun Jan 14 2018 16:50:52 GMT+0530 (IST): "GET" /about
Sun Jan 14 2018 16:50:54 GMT+0530 (IST): "GET" /
Sat Jan 27 2018 12:20:00 GMT+0530 (IST): "GET" /
Sat Jan 27 2018 12:20:00 GMT+0530 (IST): "GET" /favicon.ico
Sat Jan 27 2018 12:20:52 GMT+0530 (IST): "GET" /
Sat Jan 27 2018 12:25:29 GMT+0530 (IST): "GET" /about
Sat Jan 27 2018 12:25:33 GMT+0530 (IST): "GET" /
Sat Jan 27 2018 12:25:36 GMT+0530 (IST): "GET" /about
Sat Jan 27 2018 13:41:24 GMT+0530 (IST): "GET" /
Sat Jan 27 2018 13:41:29 GMT+0530 (IST): "GET" /about
Sat Jan 27 2018 13:41:36 GMT+0530 (IST): "GET" /bad
Sat Jan 27 2018 13:41:40 GMT+0530 (IST): "GET" /about
Sat Jan 27 2018 13:51:24 GMT+0530 (IST): "GET" /
Sat Jan 27 2018 13:51:30 GMT+0530 (IST): "GET" /about
Sat Jan 27 2018 13:56:57 GMT+0530 (IST): "GET" /
Sat Jan 27 2018 13:57:20 GMT+0530 (IST): "GET" /
Sat Jan 27 2018 14:03:06 GMT+0530 (IST): "GET" /about
Sat Jan 27 2018 14:10:16 GMT+0530 (IST): "GET" /about
Sat Jan 27 2018 14:10:52 GMT+0530 (IST): "GET" /help.html
Sat Jan 27 2018 14:12:07 GMT+0530 (IST): "GET" /help.html
Sat Jan 27 2018 14:12:27 GMT+0530 (IST): "GET" /
Sat Jan 27 2018 14:12:29 GMT+0530 (IST): "GET" /
Sat Jan 27 2018 14:12:30 GMT+0530 (IST): "GET" /about
Sat Jan 27 2018 14:12:32 GMT+0530 (IST): "GET" /
